Node created with data [ 0.56537591 -2.06907078  1.29757316  0.47232462 -1.26978628  0.51658047
 -0.0181069   0.39741513 -0.62331724 -0.31460215 -1.63485464  0.76288443
 -0.279512   -0.10930105  1.68208701  1.82429766 -0.24649462 -0.13876831
 -0.98239712 -0.24514586]
Node created with data [-0.61334926 -0.39213315 -0.66770329  0.58376657  1.55742065  0.9696809
  1.09883884  0.8072496  -2.3700441   1.02911434  0.01848334  0.01806106
  1.08214775 -0.68396299 -0.54164252 -1.4615564  -2.27000125 -0.91625623
  1.15061206  1.12788261]
Node created with data [ 1.61054272  0.31659628  0.57796628 -0.20714129  1.20280135 -0.22856259
 -0.1458188  -1.62844881  1.33692152  0.23014623  0.72755096  1.30674867
  0.27026338  0.61146735  1.88077302  0.72174875 -3.89746474 -0.34901924
  0.68382709 -2.20108882]
Node created with data [-0.39468802 -1.03057519 -1.50196023  0.23886028 -0.36577025 -0.55085307
  1.93042902  0.77816613 -1.08890761  1.11519424  1.37912659 -0.00842957
  1.65007759  0.38662228  0.6442587   1.14129292  2.49741826  2.09330949
  0.4252222  -0.2879955 ]
Node created with data [-1.16079038  0.44663889  0.11641649 -0.28885017 -0.56189046  0.46691507
 -0.68547428 -0.08823283 -0.04699032  0.60629118 -0.14316364  0.9604566
  0.66622168 -1.1245428   1.07693791 -0.2902221  -0.43538501  2.21208477
  0.70827284 -1.14124011]
Node created with data [ 0.08098503 -0.61148655  2.70047174  0.3275273  -1.8574748  -0.04403399
  0.68292922  1.47901879  0.06653414  0.17909856  0.64998808  0.34983036
 -1.60342936  0.96417842 -0.51739144  1.23076547 -0.06273962 -1.34868608
 -0.10913705  1.48547309]
Node created with data [-7.41166524e-01  2.20891241e-01  8.92189165e-01 -1.62044233e+00
 -5.32587407e-04 -9.49430045e-01 -5.68097176e-01 -3.28334293e-01
 -3.74924751e-01 -3.63060291e-01  1.01073659e+00 -1.02276322e+00
 -8.36071927e-01 -8.75161796e-02  6.86049552e-01  2.81552345e-02
  1.79723001e+00  4.90999802e-01 -1.83865584e+00  1.22700569e+00]
Node created with data [-1.03187231 -0.01252958 -1.42087379 -0.85770292  0.14192179 -0.06616746
  1.80934867  1.56830445 -0.11867177  0.44104336  0.1124842  -0.41904235
 -0.17947645  0.40810028 -0.17254918  1.77857177 -0.23281799  0.61274577
 -1.77738288 -0.29984183]
Node created with data [ 1.33563921 -1.18749658  0.17456004 -0.88034405 -0.38573094 -0.71143325
 -0.18229471 -1.1197054  -0.32246356 -0.60794535 -1.20153262 -1.39967896
 -1.05284745 -0.08966095  0.13745205 -0.44990603  0.22543803 -1.26446746
  0.73772823  0.3677611 ]
Node created with data [ 0.19723499  0.05443067 -0.23082264  0.75674132  0.5155521  -0.10896609
  1.7964444  -0.02535565  1.09754605  0.35638985  1.54495603 -0.89706597
 -0.34952836 -0.60912354 -0.45226712 -0.73560097  0.74253397  1.225384
  0.00282096  0.10027349]
Graph created with 10 nodes and 40 edges
